building_id, mean_temp, std_temp, pct_above_18, pct_below_15
10000, 14.01233878811275, 6.367431059312565, 30.941014791508444, 55.542295034537624
         110522 function calls (107632 primitive calls) in 8.005 seconds

   Ordered by: cumulative time

   ncalls  tottime  percall  cumtime  percall filename:lineno(function)
    117/1    0.001    0.000    8.005    8.005 {built-in method builtins.exec}
        1    0.004    0.004    8.005    8.005 simulate.py:1(<module>)
        1    7.615    7.615    7.773    7.773 simulate.py:15(jacobi)
       15    0.001    0.000    0.499    0.033 __init__.py:1(<module>)
    155/1    0.001    0.000    0.221    0.221 <frozen importlib._bootstrap>:1165(_find_and_load)
    155/1    0.001    0.000    0.221    0.221 <frozen importlib._bootstrap>:1120(_find_and_load_unlocked)
    143/1    0.001    0.000    0.220    0.220 <frozen importlib._bootstrap>:666(_load_unlocked)
    115/1    0.000    0.000    0.220    0.220 <frozen importlib._bootstrap_external>:934(exec_module)
    380/2    0.000    0.000    0.219    0.110 <frozen importlib._bootstrap>:233(_call_with_frames_removed)
    375/9    0.001    0.000    0.210    0.023 {built-in method builtins.__import__}
   250/40    0.001    0.000    0.207    0.005 <frozen importlib._bootstrap>:1207(_handle_fromlist)
     3602    0.017    0.000    0.157    0.000 {method 'max' of 'numpy.ndarray' objects}
     3602    0.011    0.000    0.140    0.000 _methods.py:39(_amax)
     3609    0.129    0.000    0.129    0.000 {method 'reduce' of 'numpy.ufunc' objects}
      115    0.001    0.000    0.072    0.001 <frozen importlib._bootstrap_external>:1007(get_code)
        1    0.000    0.000    0.068    0.068 __config__.py:1(<module>)
      115    0.000    0.000    0.048    0.000 <frozen importlib._bootstrap_external>:1127(get_data)
      152    0.002    0.000    0.036    0.000 <frozen importlib._bootstrap>:1054(_find_spec)
        1    0.000    0.000    0.034    0.034 index_tricks.py:1(<module>)
      151    0.000    0.000    0.032    0.000 <frozen importlib._bootstrap_external>:1496(find_spec)
      151    0.001    0.000    0.032    0.000 <frozen importlib._bootstrap_external>:1464(_get_spec)
      271    0.003    0.000    0.030    0.000 <frozen importlib._bootstrap_external>:1604(find_spec)
  143/138    0.000    0.000    0.030    0.000 <frozen importlib._bootstrap>:566(module_from_spec)
      115    0.029    0.000    0.029    0.000 {built-in method io.open_code}
        1    0.000    0.000    0.029    0.029 _distributor_init.py:1(<module>)
        1    0.000    0.000    0.027    0.027 defmatrix.py:1(<module>)
    27/25    0.000    0.000    0.025    0.001 <frozen importlib._bootstrap_external>:1231(create_module)
    27/25    0.020    0.001    0.025    0.001 {built-in method _imp.create_dynamic}
        1    0.000    0.000    0.024    0.024 linalg.py:1(<module>)
        1    0.000    0.000    0.023    0.023 _pickle.py:1(<module>)
    27/17    0.000    0.000    0.021    0.001 <frozen importlib._bootstrap_external>:1239(exec_module)
    27/17    0.004    0.000    0.021    0.001 {built-in method _imp.exec_dynamic}
      603    0.000    0.000    0.021    0.000 <frozen importlib._bootstrap_external>:140(_path_stat)
      603    0.021    0.000    0.021    0.000 {built-in method posix.stat}
        1    0.000    0.000    0.020    0.020 numerictypes.py:1(<module>)
      115    0.001    0.000    0.020    0.000 <frozen importlib._bootstrap_external>:727(_compile_bytecode)
      115    0.019    0.000    0.019    0.000 {built-in method marshal.loads}
      187    0.000    0.000    0.018    0.000 <frozen importlib._bootstrap_external>:159(_path_isfile)
      202    0.000    0.000    0.018    0.000 <frozen importlib._bootstrap_external>:150(_path_is_mode_type)
        1    0.000    0.000    0.018    0.018 _type_aliases.py:1(<module>)
        1    0.015    0.015    0.015    0.015 {built-in method mkl._py_mkl_service.get_version}
        1    0.000    0.000    0.015    0.015 py3k.py:1(<module>)
      116    0.014    0.000    0.014    0.000 {method '__exit__' of '_io._IOBase' objects}
        1    0.000    0.000    0.012    0.012 multiarray.py:1(<module>)
        1    0.000    0.000    0.012    0.012 secrets.py:1(<module>)
  191/131    0.000    0.000    0.011    0.000 typing.py:352(inner)
        1    0.000    0.000    0.011    0.011 numeric.py:1(<module>)
  245/244    0.005    0.000    0.010    0.000 {built-in method builtins.__build_class__}
        1    0.000    0.000    0.010    0.010 overrides.py:1(<module>)
        1    0.000    0.000    0.009    0.009 pathlib.py:1(<module>)
      144    0.000    0.000    0.008    0.000 __init__.py:272(_compile)
       22    0.000    0.000    0.008    0.000 _compiler.py:738(compile)
       19    0.000    0.000    0.008    0.000 __init__.py:225(compile)
      317    0.001    0.000    0.008    0.000 overrides.py:142(decorator)
        1    0.000    0.000    0.007    0.007 __init__.py:32(__enter__)
        1    0.000    0.000    0.006    0.006 utils.py:1(<module>)
        2    0.000    0.000    0.006    0.003 shape_base.py:1(<module>)
        1    0.000    0.000    0.006    0.006 hmac.py:1(<module>)
        1    0.002    0.002    0.005    0.005 simulate.py:7(load_data)
        1    0.000    0.000    0.005    0.005 _array_like.py:1(<module>)
        1    0.000    0.000    0.005    0.005 platform.py:1(<module>)
        1    0.000    0.000    0.005    0.005 parse.py:1(<module>)
      156    0.001    0.000    0.005    0.000 typing.py:1353(__init__)
        1    0.000    0.000    0.005    0.005 fromnumeric.py:1(<module>)
       22    0.000    0.000    0.005    0.000 _parser.py:972(parse)
       54    0.000    0.000    0.005    0.000 typing.py:479(__getitem__)
       54    0.000    0.000    0.004    0.000 typing.py:658(Union)
      143    0.001    0.000    0.004    0.000 <frozen importlib._bootstrap>:493(_init_module_attrs)
    64/22    0.000    0.000    0.004    0.000 _parser.py:449(_parse_sub)
      278    0.001    0.000    0.004    0.000 overrides.py:83(verify_matching_signatures)
    67/24    0.002    0.000    0.004    0.000 _parser.py:509(_parse)
        2    0.000    0.000    0.004    0.002 npyio.py:282(load)
      123    0.004    0.000    0.004    0.000 {method 'read' of '_io.BufferedReader' objects}
    45/12    0.000    0.000    0.003    0.000 typing.py:1380(__getitem__)
        1    0.000    0.000    0.003    0.003 npyio.py:1(<module>)
        1    0.000    0.000    0.003    0.003 _dtype_like.py:1(<module>)
      317    0.001    0.000    0.003    0.000 function_base.py:497(add_newdoc)
        1    0.000    0.000    0.003    0.003 _add_newdocs.py:1(<module>)
        1    0.000    0.000    0.003    0.003 core.py:1(<module>)
      605    0.001    0.000    0.003    0.000 _inspect.py:96(getargspec)
     1377    0.001    0.000    0.003    0.000 <frozen importlib._bootstrap_external>:126(_path_join)
        2    0.000    0.000    0.003    0.002 polynomial.py:1(<module>)
        1    0.000    0.000    0.003    0.003 pickle.py:1(<module>)
      230    0.001    0.000    0.003    0.000 <frozen importlib._bootstrap_external>:437(cache_from_source)
       22    0.000    0.000    0.003    0.000 _compiler.py:571(_code)
      379    0.001    0.000    0.003    0.000 <frozen importlib._bootstrap>:216(_lock_unlock_module)
      257    0.000    0.000    0.003    0.000 <frozen importlib._bootstrap>:392(cached)
        1    0.000    0.000    0.003    0.003 random.py:1(<module>)
        1    0.000    0.000    0.003    0.003 _methods.py:1(<module>)
        2    0.000    0.000    0.003    0.001 format.py:738(read_array)
        1    0.000    0.000    0.002    0.002 _char_codes.py:1(<module>)
       39    0.000    0.000    0.002    0.000 typing.py:485(__getitem__)
      142    0.000    0.000    0.002    0.000 <frozen importlib._bootstrap_external>:567(_get_cached)
        2    0.000    0.000    0.002    0.001 function_base.py:1(<module>)
       39    0.000    0.000    0.002    0.000 typing.py:708(Literal)
     5135    0.002    0.000    0.002    0.000 {built-in method builtins.getattr}
   137/22    0.001    0.000    0.002    0.000 _compiler.py:37(_compile)
       15    0.000    0.000    0.002    0.000 <frozen importlib._bootstrap_external>:1655(_fill_cache)
        1    0.000    0.000    0.002    0.002 scimath.py:1(<module>)
        1    0.000    0.000    0.002    0.002 datetime.py:1(<module>)
    45/12    0.000    0.000    0.002    0.000 typing.py:1412(_determine_new_args)
        1    0.000    0.000    0.002    0.002 _globals.py:1(<module>)
    45/12    0.000    0.000    0.002    0.000 typing.py:1441(_make_substitution)
      331    0.001    0.000    0.002    0.000 functools.py:35(update_wrapper)
       15    0.002    0.000    0.002    0.000 {built-in method posix.listdir}
        2    0.002    0.001    0.002    0.001 {built-in method numpy.fromfile}
       14    0.000    0.000    0.002    0.000 core.py:115(doc_note)
     1245    0.001    0.000    0.002    0.000 typing.py:1297(__setattr__)
      534    0.001    0.000    0.002    0.000 <frozen importlib._bootstrap>:179(_get_module_lock)
      155    0.000    0.000    0.002    0.000 <frozen importlib._bootstrap>:169(__enter__)
        1    0.000    0.000    0.002    0.002 _ufunc_config.py:1(<module>)
        1    0.000    0.000    0.002    0.002 extras.py:1(<module>)
      159    0.001    0.000    0.002    0.000 typing.py:247(_collect_parameters)
    11747    0.002    0.000    0.002    0.000 {built-in method builtins.isinstance}
        1    0.000    0.000    0.002    0.002 ipaddress.py:1(<module>)
      296    0.001    0.000    0.002    0.000 typing.py:168(_type_check)
      586    0.001    0.000    0.002    0.000 _inspect.py:65(getargs)
     1377    0.001    0.000    0.001    0.000 <frozen importlib._bootstrap_external>:128(<listcomp>)
       11    0.001    0.000    0.001    0.000 __init__.py:350(namedtuple)
       28    0.001    0.000    0.001    0.000 inspect.py:867(cleandoc)
      119    0.001    0.000    0.001    0.000 {built-in method numpy.array}
      280    0.000    0.000    0.001    0.000 typing.py:694(<genexpr>)
        1    0.000    0.000    0.001    0.001 defchararray.py:1(<module>)
        1    0.000    0.000    0.001    0.001 getlimits.py:162(_register_known_types)
        1    0.000    0.000    0.001    0.001 _internal.py:1(<module>)
      534    0.001    0.000    0.001    0.000 <frozen importlib._bootstrap>:100(acquire)
      142    0.000    0.000    0.001    0.000 <frozen importlib._bootstrap_external>:1599(_get_spec)
        1    0.000    0.000    0.001    0.001 function_base.py:873(copy)
        1    0.000    0.000    0.001    0.001 twodim_base.py:1(<module>)
      314    0.000    0.000    0.001    0.000 <frozen importlib._bootstrap_external>:1421(_path_importer_cache)
     1519    0.001    0.000    0.001    0.000 typing.py:1245(_is_dunder)
     2210    0.001    0.000    0.001    0.000 {built-in method builtins.hasattr}
       12    0.000    0.000    0.001    0.000 typing.py:1661(copy_with)
      230    0.001    0.000    0.001    0.000 <frozen importlib._bootstrap_external>:132(_path_split)
      156    0.000    0.000    0.001    0.000 typing.py:1258(__init__)
        6    0.000    0.000    0.001    0.000 getlimits.py:34(__init__)
        1    0.000    0.000    0.001    0.001 _pocketfft.py:1(<module>)
        1    0.000    0.000    0.001    0.001 base64.py:1(<module>)
        1    0.000    0.000    0.001    0.001 type_check.py:1(<module>)
      534    0.001    0.000    0.001    0.000 <frozen importlib._bootstrap>:125(release)
        3    0.001    0.000    0.001    0.000 {built-in method io.open}
        1    0.000    0.000    0.001    0.001 <frozen importlib._bootstrap>:975(exec_module)
       10    0.000    0.000    0.001    0.000 extras.py:233(__init__)
        1    0.000    0.000    0.001    0.001 <frozen ntpath>:1(<module>)
       10    0.000    0.000    0.001    0.000 extras.py:237(getdoc)
  608/603    0.001    0.000    0.001    0.000 {built-in method __new__ of type object at 0x860f60}
       54    0.000    0.000    0.001    0.000 typing.py:313(_remove_dups_flatten)
       20    0.000    0.000    0.001    0.000 <frozen abc>:105(__new__)
        1    0.000    0.000    0.001    0.001 hashlib.py:1(<module>)
       27    0.000    0.000    0.001    0.000 typing.py:1804(__class_getitem__)
      142    0.001    0.000    0.001    0.000 <frozen importlib._bootstrap_external>:778(spec_from_file_location)
       14    0.000    0.000    0.001    0.000 hashlib.py:126(__get_openssl_constructor)
        1    0.000    0.000    0.001    0.001 simulate.py:30(summary_stats)
        5    0.000    0.000    0.001    0.000 typing.py:2874(__new__)
       15    0.000    0.000    0.001    0.000 <frozen importlib._bootstrap_external>:1408(_path_hooks)
       36    0.000    0.000    0.001    0.000 getlimits.py:111(_float_to_str)
      115    0.000    0.000    0.001    0.000 <frozen importlib._bootstrap_external>:1146(path_stats)
       57    0.000    0.000    0.001    0.000 _compiler.py:241(_optimize_charset)
       33    0.000    0.000    0.001    0.000 typing.py:1503(copy_with)
      152    0.001    0.000    0.001    0.000 __init__.py:89(find_spec)
        1    0.000    0.000    0.001    0.001 __init__.py:351(_sanity_check)
        2    0.000    0.000    0.001    0.000 hashlib.py:82(__get_builtin_constructor)
       93    0.000    0.000    0.001    0.000 typing.py:299(_deduplicate)
       11    0.001    0.000    0.001    0.000 {built-in method builtins.eval}
      144    0.000    0.000    0.001    0.000 typing.py:1705(__hash__)
        1    0.000    0.000    0.001    0.001 contextvars.py:1(<module>)
     1775    0.001    0.000    0.001    0.000 {method 'join' of 'str' objects}
        1    0.001    0.001    0.001    0.001 {method 'dot' of 'numpy.ndarray' objects}
5092/4948    0.001    0.000    0.001    0.000 {built-in method builtins.len}
      237    0.000    0.000    0.001    0.000 {built-in method builtins.max}
      155    0.000    0.000    0.001    0.000 <frozen importlib._bootstrap>:173(__exit__)
        3    0.000    0.000    0.001    0.000 warnings.py:130(filterwarnings)
      115    0.000    0.000    0.001    0.000 <frozen importlib._bootstrap_external>:642(_classify_pyc)
        1    0.000    0.000    0.001    0.001 _add_newdocs_scalars.py:1(<module>)
        1    0.000    0.000    0.001    0.001 struct.py:1(<module>)
      317    0.000    0.000    0.001    0.000 function_base.py:483(_add_docstring)
     1000    0.000    0.000    0.001    0.000 _parser.py:164(__getitem__)
       22    0.000    0.000    0.001    0.000 _compiler.py:509(_compile_info)
       18    0.000    0.000    0.001    0.000 arrayprint.py:1595(_array_str_implementation)
        5    0.000    0.000    0.001    0.000 typing.py:2855(_make_nmtuple)
        1    0.000    0.000    0.001    0.001 _scalars.py:1(<module>)
       18    0.000    0.000    0.001    0.000 arrayprint.py:506(wrapper)
        1    0.000    0.000    0.001    0.001 ipaddress.py:2265(_IPv6Constants)
        1    0.000    0.000    0.001    0.001 bisect.py:1(<module>)
       49    0.000    0.000    0.001    0.000 core.py:131(get_object_signature)
       28    0.000    0.000    0.001    0.000 ipaddress.py:2189(__init__)
     1499    0.001    0.000    0.001    0.000 <frozen importlib._bootstrap>:244(_verbose_message)
       18    0.001    0.000    0.001    0.000 arrayprint.py:1588(_guarded_repr_or_str)
       26    0.000    0.000    0.001    0.000 core.py:6855(__init__)
      345    0.000    0.000    0.001    0.000 <frozen importlib._bootstrap_external>:84(_unpack_uint32)
     1873    0.001    0.000    0.001    0.000 {method 'startswith' of 'str' objects}
     1793    0.000    0.000    0.000    0.000 {built-in method builtins.setattr}
       26    0.000    0.000    0.000    0.000 core.py:6860(getdoc)
      274    0.000    0.000    0.000    0.000 typing.py:1287(__getattr__)
      570    0.000    0.000    0.000    0.000 _parser.py:254(get)
   172/57    0.000    0.000    0.000    0.000 _parser.py:174(getwidth)
       15    0.000    0.000    0.000    0.000 <frozen importlib._bootstrap_external>:1696(path_hook_for_FileFinder)
        1    0.000    0.000    0.000    0.000 pickle.py:197(<listcomp>)
        1    0.000    0.000    0.000    0.000 ipaddress.py:1542(_IPv4Constants)
     3631    0.000    0.000    0.000    0.000 {method 'append' of 'list' objects}
       52    0.000    0.000    0.000    0.000 core.py:894(__init__)
      152    0.000    0.000    0.000    0.000 <frozen importlib._bootstrap>:920(find_spec)
      115    0.000    0.000    0.000    0.000 <frozen importlib._bootstrap_external>:675(_validate_timestamp_pyc)
     1868    0.000    0.000    0.000    0.000 typing.py:1695(<genexpr>)
        1    0.000    0.000    0.000    0.000 nanfunctions.py:1(<module>)
       19    0.000    0.000    0.000    0.000 ipaddress.py:1475(__init__)
      107    0.000    0.000    0.000    0.000 __init__.py:163(match)
        2    0.000    0.000    0.000    0.000 contextlib.py:546(__exit__)
        1    0.000    0.000    0.000    0.000 arrayprint.py:1(<module>)
      460    0.000    0.000    0.000    0.000 <frozen importlib._bootstrap_external>:134(<genexpr>)
        1    0.000    0.000    0.000    0.000 ctypeslib.py:1(<module>)
  108/106    0.000    0.000    0.000    0.000 typing.py:1669(__hash__)
       14    0.000    0.000    0.000    0.000 __init__.py:198(split)
      154    0.000    0.000    0.000    0.000 <frozen importlib._bootstrap>:198(cb)
      607    0.000    0.000    0.000    0.000 <frozen importlib._bootstrap>:1030(__exit__)
      605    0.000    0.000    0.000    0.000 _inspect.py:13(ismethod)
      556    0.000    0.000    0.000    0.000 <string>:1(<lambda>)
        1    0.000    0.000    0.000    0.000 threading.py:1(<module>)
     2985    0.000    0.000    0.000    0.000 {method 'rstrip' of 'str' objects}
        1    0.000    0.000    0.000    0.000 numbers.py:1(<module>)
        2    0.000    0.000    0.000    0.000 enum.py:497(__new__)
      154    0.000    0.000    0.000    0.000 <frozen importlib._bootstrap>:71(__init__)
     1295    0.000    0.000    0.000    0.000 {built-in method _imp.acquire_lock}
  277/219    0.000    0.000    0.000    0.000 typing.py:1371(__hash__)
       24    0.000    0.000    0.000    0.000 _add_newdocs_scalars.py:71(add_newdoc_for_scalar_type)
      394    0.000    0.000    0.000    0.000 <frozen importlib._bootstrap>:405(parent)
      607    0.000    0.000    0.000    0.000 <frozen importlib._bootstrap>:1026(__enter__)
      740    0.000    0.000    0.000    0.000 _parser.py:233(__next)
      317    0.000    0.000    0.000    0.000 function_base.py:465(_needs_add_docstring)
       15    0.000    0.000    0.000    0.000 <frozen importlib._bootstrap_external>:1559(__init__)
       23    0.000    0.000    0.000    0.000 overrides.py:177(decorator)
      295    0.000    0.000    0.000    0.000 {method 'format' of 'str' objects}
      605    0.000    0.000    0.000    0.000 _inspect.py:26(isfunction)
     1223    0.000    0.000    0.000    0.000 {method 'endswith' of 'str' objects}
        2    0.000    0.000    0.000    0.000 format.py:587(_read_array_header)
     1016    0.000    0.000    0.000    0.000 {method 'rpartition' of 'str' objects}
       43    0.000    0.000    0.000    0.000 ipaddress.py:1889(__init__)
      366    0.000    0.000    0.000    0.000 {built-in method from_bytes}
       39    0.000    0.000    0.000    0.000 typing.py:329(_flatten_literal_params)
  529/435    0.000    0.000    0.000    0.000 {built-in method builtins.hash}
        1    0.000    0.000    0.000    0.000 arraysetops.py:1(<module>)
        1    0.000    0.000    0.000    0.000 ctypeslib.py:360(_get_scalar_type_map)
       26    0.000    0.000    0.000    0.000 core.py:921(__init__)
    347/1    0.000    0.000    0.000    0.000 __config__.py:19(_cleanup)
       30    0.000    0.000    0.000    0.000 _inspect.py:140(formatargspec)
        1    0.000    0.000    0.000    0.000 ctypeslib.py:371(<dictcomp>)
     39/1    0.000    0.000    0.000    0.000 __config__.py:25(<dictcomp>)
        1    0.000    0.000    0.000    0.000 _polybase.py:1(<module>)
        4    0.000    0.000    0.000    0.000 textwrap.py:419(dedent)
        1    0.000    0.000    0.000    0.000 {method 'splitlines' of 'str' objects}
       35    0.000    0.000    0.000    0.000 _parser.py:94(closegroup)
       24    0.000    0.000    0.000    0.000 dtypes.py:66(_add_dtype_helper)
       44    0.000    0.000    0.000    0.000 typing.py:1033(__typing_subst__)
       50    0.000    0.000    0.000    0.000 _internal.py:872(_ufunc_doc_signature_formatter)
       44    0.000    0.000    0.000    0.000 enum.py:1509(__and__)
        1    0.000    0.000    0.000    0.000 {method 'std' of 'numpy.ndarray' objects}
      586    0.000    0.000    0.000    0.000 _inspect.py:41(iscode)
        1    0.000    0.000    0.000    0.000 _methods.py:204(_std)
      152    0.000    0.000    0.000    0.000 <frozen importlib._bootstrap>:748(find_spec)
       30    0.000    0.000    0.000    0.000 ipaddress.py:1282(__init__)
       13    0.000    0.000    0.000    0.000 core.py:8389(__init__)
        1    0.000    0.000    0.000    0.000 _nested_sequence.py:1(<module>)
      523    0.000    0.000    0.000    0.000 typing.py:1365(__eq__)
        1    0.000    0.000    0.000    0.000 _methods.py:135(_var)
        1    0.000    0.000    0.000    0.000 hermite.py:1(<module>)
     1295    0.000    0.000    0.000    0.000 {built-in method _imp.release_lock}
      115    0.000    0.000    0.000    0.000 <frozen importlib._bootstrap_external>:599(_check_name_wrapper)
      115    0.000    0.000    0.000    0.000 {built-in method _imp._fix_co_filename}
       13    0.000    0.000    0.000    0.000 core.py:8394(getdoc)
        4    0.000    0.000    0.000    0.000 __init__.py:178(sub)
       20    0.000    0.000    0.000    0.000 {built-in method _abc._abc_init}
        2    0.000    0.000    0.000    0.000 utils.py:1027(safe_eval)
       15    0.000    0.000    0.000    0.000 <frozen zipimport>:64(__init__)
     1015    0.000    0.000    0.000    0.000 {built-in method builtins.min}
      380    0.000    0.000    0.000    0.000 typing.py:159(_type_convert)
     1070    0.000    0.000    0.000    0.000 {method '__exit__' of '_thread.lock' objects}
       81    0.000    0.000    0.000    0.000 typing.py:921(_is_unpacked_typevartuple)
        2    0.000    0.000    0.000    0.000 ast.py:54(literal_eval)
       20    0.000    0.000    0.000    0.000 ipaddress.py:1183(_ip_int_from_string)
        1    0.000    0.000    0.000    0.000 _iotools.py:1(<module>)
        1    0.000    0.000    0.000    0.000 core.py:6550(__new__)
     1087    0.000    0.000    0.000    0.000 {built-in method _thread.get_ident}
      152    0.000    0.000    0.000    0.000 {built-in method _imp.find_frozen}
        1    0.000    0.000    0.000    0.000 stride_tricks.py:1(<module>)
        1    0.000    0.000    0.000    0.000 _exceptions.py:1(<module>)
        1    0.000    0.000    0.000    0.000 _endian.py:1(<module>)
      448    0.000    0.000    0.000    0.000 _parser.py:249(match)
       28    0.000    0.000    0.000    0.000 ipaddress.py:1617(_ip_int_from_string)
        8    0.000    0.000    0.000    0.000 _compiler.py:384(_mk_bitmap)
      157    0.000    0.000    0.000    0.000 <frozen importlib._bootstrap_external>:180(_path_isabs)
       12    0.000    0.000    0.000    0.000 datetime.py:592(__new__)
      969    0.000    0.000    0.000    0.000 typing.py:1358(<genexpr>)
        2    0.000    0.000    0.000    0.000 {built-in method builtins.sorted}
       43    0.000    0.000    0.000    0.000 {built-in method posix.getcwd}
        2    0.000    0.000    0.000    0.000 typing.py:2946(__new__)
       75    0.000    0.000    0.000    0.000 _compiler.py:396(_simple)
        1    0.000    0.000    0.000    0.000 _polybase.py:18(ABCPolyBase)
      320    0.000    0.000    0.000    0.000 _parser.py:172(append)
        6    0.000    0.000    0.000    0.000 numeric.py:2507(extend_all)
       18    0.000    0.000    0.000    0.000 core.py:997(__init__)
        1    0.000    0.000    0.000    0.000 records.py:1(<module>)
        1    0.000    0.000    0.000    0.000 contextlib.py:78(inner)
        1    0.000    0.000    0.000    0.000 _type_aliases.py:94(_add_aliases)
        1    0.000    0.000    0.000    0.000 histograms.py:1(<module>)
      323    0.000    0.000    0.000    0.000 functools.py:65(wraps)
       13    0.000    0.000    0.000    0.000 <frozen abc>:110(register)
       36    0.000    0.000    0.000    0.000 getlimits.py:91(_float_to_float)
      635    0.000    0.000    0.000    0.000 {method 'get' of 'dict' objects}
       24    0.000    0.000    0.000    0.000 numerictypes.py:514(_scalar_type_key)
    35/15    0.000    0.000    0.000    0.000 <frozen abc>:121(__subclasscheck__)
        1    0.000    0.000    0.000    0.000 chebyshev.py:1(<module>)
       47    0.000    0.000    0.000    0.000 ipaddress.py:533(_split_addr_prefix)
       13    0.000    0.000    0.000    0.000 {built-in method _abc._abc_register}
        1    0.000    0.000    0.000    0.000 mixins.py:1(<module>)
      302    0.000    0.000    0.000    0.000 _parser.py:160(__len__)
      152    0.000    0.000    0.000    0.000 {built-in method _imp.is_builtin}
      317    0.000    0.000    0.000    0.000 overrides.py:105(array_function_dispatch)
      341    0.000    0.000    0.000    0.000 {method 'strip' of 'str' objects}
      152    0.000    0.000    0.000    0.000 <frozen importlib._bootstrap>:357(__init__)
        1    0.000    0.000    0.000    0.000 _compat_pickle.py:1(<module>)
      225    0.000    0.000    0.000    0.000 _parser.py:286(tell)
    35/15    0.000    0.000    0.000    0.000 {built-in method _abc._abc_subclasscheck}
        1    0.000    0.000    0.000    0.000 {method 'mean' of 'numpy.ndarray' objects}
        1    0.000    0.000    0.000    0.000 getlimits.py:1(<module>)
      310    0.000    0.000    0.000    0.000 {built-in method _thread.allocate_lock}
      224    0.000    0.000    0.000    0.000 typing.py:1664(__eq__)
        2    0.000    0.000    0.000    0.000 ast.py:33(parse)
      116    0.000    0.000    0.000    0.000 <frozen importlib._bootstrap>:48(_new_module)
        1    0.000    0.000    0.000    0.000 legendre.py:1(<module>)
        1    0.000    0.000    0.000    0.000 exceptions.py:1(<module>)
        1    0.000    0.000    0.000    0.000 laguerre.py:1(<module>)
        1    0.000    0.000    0.000    0.000 hermite_e.py:1(<module>)
      312    0.000    0.000    0.000    0.000 typing.py:1699(__eq__)
       57    0.000    0.000    0.000    0.000 _compiler.py:214(_compile_charset)
       13    0.000    0.000    0.000    0.000 enum.py:365(__setitem__)
        4    0.000    0.000    0.000    0.000 typing.py:2045(__init_subclass__)
        2    0.000    0.000    0.000    0.000 {built-in method builtins.compile}
       59    0.000    0.000    0.000    0.000 <frozen abc>:7(abstractmethod)
        1    0.000    0.000    0.000    0.000 numbers.py:32(Complex)
        1    0.000    0.000    0.000    0.000 core.py:2697(MaskedArray)
       16    0.000    0.000    0.000    0.000 _type_aliases.py:58(bitname)
       80    0.000    0.000    0.000    0.000 ipaddress.py:1209(_parse_octet)
        1    0.000    0.000    0.000    0.000 einsumfunc.py:1(<module>)
        5    0.000    0.000    0.000    0.000 enum.py:242(__set_name__)
        2    0.000    0.000    0.000    0.000 enum.py:482(__prepare__)
        2    0.000    0.000    0.000    0.000 fromnumeric.py:2177(sum)
      929    0.000    0.000    0.000    0.000 {method 'lstrip' of 'str' objects}
       14    0.000    0.000    0.000    0.000 {method 'split' of 're.Pattern' objects}
      395    0.000    0.000    0.000    0.000 {method 'add' of 'set' objects}
       45    0.000    0.000    0.000    0.000 typing.py:289(_unpack_args)
      130    0.000    0.000    0.000    0.000 {method 'split' of 'str' objects}
       44    0.000    0.000    0.000    0.000 enum.py:686(__call__)
        1    0.000    0.000    0.000    0.000 _methods.py:101(_mean)
       13    0.000    0.000    0.000    0.000 _dtype_ctypes.py:100(dtype_from_ctypes_type)
       49    0.000    0.000    0.000    0.000 _parser.py:369(_escape)
      342    0.000    0.000    0.000    0.000 {built-in method numpy.core._multiarray_umath.add_docstring}
        1    0.000    0.000    0.000    0.000 _datasource.py:1(<module>)
        1    0.000    0.000    0.000    0.000 {function SeedSequence.generate_state at 0x7fde667cd8a0}
       97    0.000    0.000    0.000    0.000 {method 'extend' of 'list' objects}
        1    0.000    0.000    0.000    0.000 mixins.py:59(NDArrayOperatorsMixin)
        2    0.000    0.000    0.000    0.000 fromnumeric.py:71(_wrapreduction)
       43    0.000    0.000    0.000    0.000 {method 'replace' of 'str' objects}
       35    0.000    0.000    0.000    0.000 _parser.py:82(opengroup)
        1    0.000    0.000    0.000    0.000 core.py:2808(__new__)
        1    0.000    0.000    0.000    0.000 helper.py:1(<module>)
        8    0.000    0.000    0.000    0.000 typing.py:1019(__init__)
      362    0.000    0.000    0.000    0.000 {method 'update' of 'dict' objects}
        1    0.000    0.000    0.000    0.000 arraypad.py:1(<module>)
    29/21    0.000    0.000    0.000    0.000 _compiler.py:434(_get_literal_prefix)
       28    0.000    0.000    0.000    0.000 ipaddress.py:1597(_make_netmask)
        3    0.000    0.000    0.000    0.000 typing.py:1563(__getitem__)
      230    0.000    0.000    0.000    0.000 {method 'rfind' of 'str' objects}
        1    0.000    0.000    0.000    0.000 ufunclike.py:1(<module>)
      4/3    0.000    0.000    0.000    0.000 {method 'view' of 'numpy.ndarray' objects}
       15    0.000    0.000    0.000    0.000 <frozen importlib._bootstrap_external>:164(_path_isdir)
        1    0.000    0.000    0.000    0.000 threading.py:1402(__init__)
      480    0.000    0.000    0.000    0.000 typing.py:736(<genexpr>)
        1    0.000    0.000    0.000    0.000 umath.py:1(<module>)
       42    0.000    0.000    0.000    0.000 _parser.py:446(_uniq)
        7    0.000    0.000    0.000    0.000 functools.py:518(decorating_function)
       22    0.000    0.000    0.000    0.000 _parser.py:224(__init__)
        1    0.000    0.000    0.000    0.000 {method 'read' of '_io.TextIOWrapper' objects}
        4    0.000    0.000    0.000    0.000 _ufunc_config.py:430(__enter__)
       13    0.000    0.000    0.000    0.000 core.py:8406(_replace_return_type)
        8    0.000    0.000    0.000    0.000 _ufunc_config.py:33(seterr)
        1    0.000    0.000    0.000    0.000 memmap.py:1(<module>)
        1    0.000    0.000    0.000    0.000 _dtype_like.py:65(_DTypeDictBase)
        2    0.000    0.000    0.000    0.000 core.py:2978(__array_finalize__)
      377    0.000    0.000    0.000    0.000 {built-in method posix.fspath}
      102    0.000    0.000    0.000    0.000 typing.py:1406(<genexpr>)
        1    0.000    0.000    0.000    0.000 _shape.py:1(<module>)
        1    0.000    0.000    0.000    0.000 polyutils.py:1(<module>)
       36    0.000    0.000    0.000    0.000 getlimits.py:24(_fr1)
      155    0.000    0.000    0.000    0.000 <frozen importlib._bootstrap>:165(__init__)
       19    0.000    0.000    0.000    0.000 ipaddress.py:1157(_make_netmask)
       16    0.000    0.000    0.000    0.000 _type_aliases.py:44(_bits_of)
        4    0.000    0.000    0.000    0.000 typing.py:1851(__init_subclass__)
      151    0.000    0.000    0.000    0.000 {method 'pop' of 'dict' objects}
        1    0.000    0.000    0.000    0.000 _globals.py:65(_CopyMode)
        3    0.000    0.000    0.000    0.000 typing.py:1572(copy_with)
      167    0.000    0.000    0.000    0.000 {method 'find' of 'bytearray' objects}
       42    0.000    0.000    0.000    0.000 getlimits.py:101(_float_conv)
      115    0.000    0.000    0.000    0.000 <frozen importlib._bootstrap_external>:1097(__init__)
      144    0.000    0.000    0.000    0.000 _parser.py:109(__init__)
        1    0.000    0.000    0.000    0.000 __future__.py:1(<module>)
      115    0.000    0.000    0.000    0.000 _parser.py:79(groups)
       47    0.000    0.000    0.000    0.000 ipaddress.py:156(_split_optional_netmask)
       13    0.000    0.000    0.000    0.000 mixins.py:44(_numeric_methods)
      183    0.000    0.000    0.000    0.000 typing.py:1694(_value_and_type_iter)
        1    0.000    0.000    0.000    0.000 __init__.py:264(_reset_cache)
        6    0.000    0.000    0.000    0.000 core.py:1146(__init__)
        1    0.000    0.000    0.000    0.000 core.py:3127(view)
       52    0.000    0.000    0.000    0.000 _add_newdocs.py:6754(refer_to_array_attribute)
      156    0.000    0.000    0.000    0.000 {method 'pop' of 'list' objects}
       72    0.000    0.000    0.000    0.000 {method 'copy' of 'numpy.ndarray' objects}
        1    0.000    0.000    0.000    0.000 _string_helpers.py:1(<module>)
        2    0.000    0.000    0.000    0.000 typing.py:2969(<dictcomp>)
        1    0.000    0.000    0.000    0.000 linalg.py:97(_determine_error_states)
      271    0.000    0.000    0.000    0.000 <frozen importlib._bootstrap_external>:71(_relax_case)
       17    0.000    0.000    0.000    0.000 _compiler.py:465(_get_charset_prefix)
        1    0.000    0.000    0.000    0.000 numerictypes.py:589(_register_types)
       26    0.000    0.000    0.000    0.000 _parser.py:309(_class_escape)
        1    0.000    0.000    0.000    0.000 fnmatch.py:1(<module>)
       90    0.000    0.000    0.000    0.000 {built-in method builtins.issubclass}
       41    0.000    0.000    0.000    0.000 _add_newdocs_scalars.py:83(<genexpr>)
       61    0.000    0.000    0.000    0.000 _inspect.py:144(<lambda>)
       44    0.000    0.000    0.000    0.000 {built-in method builtins.locals}
        2    0.000    0.000    0.000    0.000 __init__.py:72(CFUNCTYPE)
       28    0.000    0.000    0.000    0.000 {method 'expandtabs' of 'str' objects}
       18    0.000    0.000    0.000    0.000 {built-in method builtins.next}
        1    0.000    0.000    0.000    0.000 _machar.py:1(<module>)
        1    0.000    0.000    0.000    0.000 pickle.py:1137(_Unpickler)
        2    0.000    0.000    0.000    0.000 contextlib.py:77(__call__)
        2    0.000    0.000    0.000    0.000 {built-in method _ctypes.POINTER}
        8    0.000    0.000    0.000    0.000 _parser.py:267(getuntil)
        1    0.000    0.000    0.000    0.000 core.py:6568(__array_finalize__)
        1    0.000    0.000    0.000    0.000 datetime.py:2297(timezone)
       31    0.000    0.000    0.000    0.000 ipaddress.py:1721(_parse_hextet)
        4    0.000    0.000    0.000    0.000 enum.py:939(_get_mixins_)
      395    0.000    0.000    0.000    0.000 {built-in method builtins.globals}
        5    0.000    0.000    0.000    0.000 typing.py:2857(<dictcomp>)
        1    0.000    0.000    0.000    0.000 _asarray.py:1(<module>)
      296    0.000    0.000    0.000    0.000 {built-in method builtins.ord}
     18/2    0.000    0.000    0.000    0.000 ast.py:84(_convert)
        8    0.000    0.000    0.000    0.000 _compiler.py:386(<listcomp>)
       14    0.000    0.000    0.000    0.000 __init__.py:144(_check_size)
       36    0.000    0.000    0.000    0.000 getlimits.py:16(_fr0)
        2    0.000    0.000    0.000    0.000 random.py:119(__init__)
        1    0.000    0.000    0.000    0.000 _type_aliases.py:211(_set_array_types)
        4    0.000    0.000    0.000    0.000 <frozen os>:674(__getitem__)
        1    0.000    0.000    0.000    0.000 _add_newdocs_scalars.py:18(numeric_type_aliases)
       81    0.000    0.000    0.000    0.000 __init__.py:14(set_module)
       22    0.000    0.000    0.000    0.000 {built-in method _sre.compile}
        3    0.000    0.000    0.000    0.000 <frozen posixpath>:71(join)
       54    0.000    0.000    0.000    0.000 typing.py:1818(<genexpr>)
        1    0.000    0.000    0.000    0.000 <frozen codecs>:319(decode)
        3    0.000    0.000    0.000    0.000 __init__.py:503(PYFUNCTYPE)
        1    0.000    0.000    0.000    0.000 format.py:1(<module>)
        1    0.000    0.000    0.000    0.000 numerictypes.py:441(_construct_lookups)
        1    0.000    0.000    0.000    0.000 _version.py:1(<module>)
        8    0.000    0.000    0.000    0.000 typing.py:945(__init__)
        3    0.000    0.000    0.000    0.000 <frozen abc>:117(__instancecheck__)
        1    0.000    0.000    0.000    0.000 __config__.py:14(DisplayModes)
       44    0.000    0.000    0.000    0.000 enum.py:1091(__new__)
        1    0.000    0.000    0.000    0.000 arrayterator.py:1(<module>)
       11    0.000    0.000    0.000    0.000 {method 'remove' of 'list' objects}
       44    0.000    0.000    0.000    0.000 _compiler.py:568(isstring)
       93    0.000    0.000    0.000    0.000 _inspect.py:131(strseq)
       25    0.000    0.000    0.000    0.000 ipaddress.py:474(_prefix_from_prefix_string)
       81    0.000    0.000    0.000    0.000 __init__.py:25(decorator)
        9    0.000    0.000    0.000    0.000 overrides.py:23(set_array_function_like_doc)
      107    0.000    0.000    0.000    0.000 {method 'match' of 're.Pattern' objects}
        7    0.000    0.000    0.000    0.000 getlimits.py:685(__init__)
        1    0.000    0.000    0.000    0.000 pathlib.py:455(PurePath)
        2    0.000    0.000    0.000    0.000 contextlib.py:260(contextmanager)
      257    0.000    0.000    0.000    0.000 hmac.py:19(<genexpr>)
        1    0.000    0.000    0.000    0.000 {built-in method _codecs.utf_8_decode}
        1    0.000    0.000    0.000    0.000 __init__.py:342(__init__)
        2    0.000    0.000    0.000    0.000 functools.py:188(total_ordering)
        1    0.000    0.000    0.000    0.000 threading.py:849(__init__)
        1    0.000    0.000    0.000    0.000 ipaddress.py:1276(IPv4Address)
        1    0.000    0.000    0.000    0.000 polynomial.py:1472(Polynomial)
        1    0.000    0.000    0.000    0.000 _pytesttester.py:1(<module>)
        8    0.000    0.000    0.000    0.000 functools.py:479(lru_cache)
        2    0.000    0.000    0.000    0.000 core.py:6744(__init__)
        1    0.000    0.000    0.000    0.000 _dtype_like.py:71(_DTypeDict)
        3    0.000    0.000    0.000    0.000 datetime.py:1677(__new__)
      143    0.000    0.000    0.000    0.000 <frozen importlib._bootstrap>:413(has_location)
        3    0.000    0.000    0.000    0.000 {built-in method _abc._abc_instancecheck}
       76    0.000    0.000    0.000    0.000 _parser.py:168(__setitem__)
        3    0.000    0.000    0.000    0.000 {built-in method numpy.empty}
        1    0.000    0.000    0.000    0.000 linalg.py:39(EigResult)
        2    0.000    0.000    0.000    0.000 <frozen _collections_abc>:778(__contains__)
       22    0.000    0.000    0.000    0.000 _parser.py:956(fix_flags)
        1    0.000    0.000    0.000    0.000 pathlib.py:112(_WindowsFlavour)
        2    0.000    0.000    0.000    0.000 _methods.py:67(_count_reduce_items)
      257    0.000    0.000    0.000    0.000 hmac.py:20(<genexpr>)
        2    0.000    0.000    0.000    0.000 enum.py:1004(_find_new_)
        2    0.000    0.000    0.000    0.000 datetime.py:765(__neg__)
        1    0.000    0.000    0.000    0.000 random.py:128(seed)
       36    0.000    0.000    0.000    0.000 _string_helpers.py:16(english_lower)
       13    0.000    0.000    0.000    0.000 _dtype_ctypes.py:71(_from_ctypes_scalar)
        1    0.000    0.000    0.000    0.000 _iotools.py:450(StringConverter)
       18    0.000    0.000    0.000    0.000 _add_newdocs_scalars.py:19(type_aliases_gen)
       42    0.000    0.000    0.000    0.000 {built-in method fromkeys}
      120    0.000    0.000    0.000    0.000 <frozen importlib._bootstrap_external>:1565(<genexpr>)
        4    0.000    0.000    0.000    0.000 _ufunc_config.py:435(__exit__)
        8    0.000    0.000    0.000    0.000 {method 'sub' of 're.Pattern' objects}
      115    0.000    0.000    0.000    0.000 <frozen importlib._bootstrap_external>:1122(get_filename)
        2    0.000    0.000    0.000    0.000 contextlib.py:490(enter_context)
       28    0.000    0.000    0.000    0.000 ipaddress.py:1854(_split_scope_id)
        5    0.000    0.000    0.000    0.000 {built-in method builtins.all}
       78    0.000    0.000    0.000    0.000 _internal.py:883(<genexpr>)
       15    0.000    0.000    0.000    0.000 {built-in method builtins.delattr}
        1    0.000    0.000    0.000    0.000 defmatrix.py:73(matrix)
        1    0.000    0.000    0.000    0.000 _type_aliases.py:74(_add_types)
        4    0.000    0.000    0.000    0.000 warnings.py:181(_add_filter)
       30    0.000    0.000    0.000    0.000 _type_aliases.py:203(_add_array_type)
        1    0.000    0.000    0.000    0.000 datetime.py:1669(datetime)
        1    0.000    0.000    0.000    0.000 ipaddress.py:671(_BaseNetwork)
        1    0.000    0.000    0.000    0.000 chebyshev.py:1995(Chebyshev)
       32    0.000    0.000    0.000    0.000 _type_aliases.py:46(<genexpr>)
       50    0.000    0.000    0.000    0.000 {built-in method sys.intern}
       22    0.000    0.000    0.000    0.000 _parser.py:73(__init__)
        1    0.000    0.000    0.000    0.000 pathlib.py:857(Path)
        1    0.000    0.000    0.000    0.000 pickle.py:407(_Pickler)
        1    0.000    0.000    0.000    0.000 linalg.py:55(SVDResult)
        4    0.000    0.000    0.000    0.000 enum.py:975(_find_data_type_)
        8    0.000    0.000    0.000    0.000 _ufunc_config.py:132(geterr)
        1    0.000    0.000    0.000    0.000 _type_aliases.py:123(_add_integer_aliases)
        1    0.000    0.000    0.000    0.000 laguerre.py:1606(Laguerre)
      115    0.000    0.000    0.000    0.000 <frozen importlib._bootstrap_external>:931(create_module)
       20    0.000    0.000    0.000    0.000 mixins.py:16(_binary_method)
       50    0.000    0.000    0.000    0.000 __init__.py:424(<genexpr>)
        2    0.000    0.000    0.000    0.000 {built-in method builtins.print}
        2    0.000    0.000    0.000    0.000 arrayprint.py:503(decorating_function)
        2    0.000    0.000    0.000    0.000 core.py:2952(_update_from)
        7    0.000    0.000    0.000    0.000 <frozen os>:756(encode)
        1    0.000    0.000    0.000    0.000 _dtype.py:1(<module>)
       61    0.000    0.000    0.000    0.000 {built-in method builtins.repr}
        5    0.000    0.000    0.000    0.000 datetime.py:515(_check_date_fields)
        6    0.000    0.000    0.000    0.000 enum.py:929(_check_for_existing_members_)
        1    0.000    0.000    0.000    0.000 numeric.py:136(ones)
        2    0.000    0.000    0.000    0.000 <frozen _collections_abc>:771(get)
        1    0.000    0.000    0.000    0.000 hermite.py:1658(Hermite)
        2    0.000    0.000    0.000    0.000 datetime.py:923(__new__)
       27    0.000    0.000    0.000    0.000 typing.py:277(_check_generic)
        2    0.000    0.000    0.000    0.000 format.py:223(read_magic)
        1    0.000    0.000    0.000    0.000 _compiler.py:389(_bytes_to_codes)
       49    0.000    0.000    0.000    0.000 _compiler.py:31(_combine_flags)
        1    0.000    0.000    0.000    0.000 linalg.py:47(QRResult)
        2    0.000    0.000    0.000    0.000 datetime.py:1340(__new__)
        1    0.000    0.000    0.000    0.000 {function Random.seed at 0x7fde66804900}
        1    0.000    0.000    0.000    0.000 legendre.py:1619(Legendre)
        1    0.000    0.000    0.000    0.000 defchararray.py:1922(chararray)
        1    0.000    0.000    0.000    0.000 ipaddress.py:1883(IPv6Address)
        1    0.000    0.000    0.000    0.000 polynomial.py:1077(poly1d)
        1    0.000    0.000    0.000    0.000 datetime.py:893(date)
        1    0.000    0.000    0.000    0.000 ipaddress.py:1577(_BaseV6)
        6    0.000    0.000    0.000    0.000 format.py:951(_read_bytes)
        8    0.000    0.000    0.000    0.000 typing.py:1955(_caller)
       83    0.000    0.000    0.000    0.000 {method 'items' of 'dict' objects}
        1    0.000    0.000    0.000    0.000 threading.py:1008(_set_tstate_lock)
        1    0.000    0.000    0.000    0.000 threading.py:555(__init__)
        8    0.000    0.000    0.000    0.000 enum.py:826(__setattr__)
        8    0.000    0.000    0.000    0.000 enum.py:193(__get__)
       20    0.000    0.000    0.000    0.000 {built-in method _struct.calcsize}
        1    0.000    0.000    0.000    0.000 warnings.py:165(simplefilter)
        1    0.000    0.000    0.000    0.000 <frozen os>:688(__delitem__)
       15    0.000    0.000    0.000    0.000 enum.py:745(__delattr__)
        1    0.000    0.000    0.000    0.000 linalg.py:43(EighResult)
        1    0.000    0.000    0.000    0.000 datetime.py:573(timedelta)
       13    0.000    0.000    0.000    0.000 enum.py:79(_is_private)
       85    0.000    0.000    0.000    0.000 _compat_pickle.py:167(<genexpr>)
        1    0.000    0.000    0.000    0.000 {built-in method builtins.dir}
        8    0.000    0.000    0.000    0.000 __init__.py:56(__init_subclass__)
        1    0.000    0.000    0.000    0.000 {built-in method _hashlib.openssl_md5}
       94    0.000    0.000    0.000    0.000 ipaddress.py:574(__int__)
        1    0.000    0.000    0.000    0.000 __init__.py:192(<dictcomp>)
        1    0.000    0.000    0.000    0.000 contextlib.py:132(__enter__)
        7    0.000    0.000    0.000    0.000 core.py:2544(_arraymethod)
       46    0.000    0.000    0.000    0.000 _compiler.py:426(_get_iscased)
       58    0.000    0.000    0.000    0.000 {method 'isidentifier' of 'str' objects}
       27    0.000    0.000    0.000    0.000 <frozen importlib._bootstrap_external>:1220(__init__)
       15    0.000    0.000    0.000    0.000 enum.py:48(_is_dunder)
        1    0.000    0.000    0.000    0.000 hermite_e.py:1650(HermiteE)
        2    0.000    0.000    0.000    0.000 contextlib.py:522(_push_cm_exit)
        1    0.000    0.000    0.000    0.000 _type_aliases.py:151(_set_up_aliases)
        1    0.000    0.000    0.000    0.000 threading.py:583(set)
        1    0.000    0.000    0.000    0.000 core.py:1329(make_mask_descr)
        1    0.000    0.000    0.000    0.000 contextlib.py:287(helper)
       36    0.000    0.000    0.000    0.000 {method 'translate' of 'str' objects}
        1    0.000    0.000    0.000    0.000 linalg.py:51(SlogdetResult)
        1    0.000    0.000    0.000    0.000 index_tricks.py:310(AxisConcatenator)
        7    0.000    0.000    0.000    0.000 {built-in method builtins.any}
        4    0.000    0.000    0.000    0.000 enum.py:770(__getattr__)
       13    0.000    0.000    0.000    0.000 enum.py:59(_is_sunder)
       14    0.000    0.000    0.000    0.000 mixins.py:26(_reflected_binary_method)
        1    0.000    0.000    0.000    0.000 __init__.py:439(LibraryLoader)
        4    0.000    0.000    0.000    0.000 {method 'findall' of 're.Pattern' objects}
        2    0.000    0.000    0.000    0.000 functools.py:191(<setcomp>)
      105    0.000    0.000    0.000    0.000 {method 'isdigit' of 'str' objects}
        1    0.000    0.000    0.000    0.000 numbers.py:294(Integral)
        1    0.000    0.000    0.000    0.000 core.py:1315(_replace_dtype_fields)
       50    0.000    0.000    0.000    0.000 {method '__contains__' of 'frozenset' objects}
        1    0.000    0.000    0.000    0.000 <frozen os>:682(__setitem__)
        1    0.000    0.000    0.000    0.000 _internal.py:240(_missing_ctypes)
       13    0.000    0.000    0.000    0.000 mixins.py:36(_inplace_binary_method)
        1    0.000    0.000    0.000    0.000 random.py:103(Random)
      105    0.000    0.000    0.000    0.000 {method 'isascii' of 'str' objects}
        2    0.000    0.000    0.000    0.000 <frozen os>:1081(__subclasshook__)
       25    0.000    0.000    0.000    0.000 ipaddress.py:431(_ip_int_from_prefix)
       13    0.000    0.000    0.000    0.000 _internal.py:920(npy_ctypes_check)
        5    0.000    0.000    0.000    0.000 simulate.py:78(<genexpr>)
        1    0.000    0.000    0.000    0.000 {built-in method _hashlib.openssl_sha3_224}
        2    0.000    0.000    0.000    0.000 _ufunc_config.py:452(_no_nep50_warning)
        6    0.000    0.000    0.000    0.000 typing.py:1825(<genexpr>)
        5    0.000    0.000    0.000    0.000 functools.py:966(__init__)
        3    0.000    0.000    0.000    0.000 <frozen _collections_abc>:78(_check_methods)
        1    0.000    0.000    0.000    0.000 ipaddress.py:383(_IPAddressBase)
        4    0.000    0.000    0.000    0.000 _compiler.py:405(_generate_overlap_table)
        1    0.000    0.000    0.000    0.000 _dtype_ctypes.py:1(<module>)
        2    0.000    0.000    0.000    0.000 py3k.py:49(isfileobj)
       96    0.000    0.000    0.000    0.000 {built-in method builtins.abs}
        1    0.000    0.000    0.000    0.000 threading.py:838(Thread)
        9    0.000    0.000    0.000    0.000 {built-in method numpy.seterrobj}
        1    0.000    0.000    0.000    0.000 datetime.py:1315(time)
        1    0.000    0.000    0.000    0.000 {built-in method numpy.zeros}
        1    0.000    0.000    0.000    0.000 {built-in method _hashlib.openssl_sha1}
        6    0.000    0.000    0.000    0.000 typing.py:1568(<genexpr>)
        1    0.000    0.000    0.000    0.000 _type_aliases.py:41(<setcomp>)
        1    0.000    0.000    0.000    0.000 ipaddress.py:1460(IPv4Network)
       43    0.000    0.000    0.000    0.000 _compat_pickle.py:165(<genexpr>)
       81    0.000    0.000    0.000    0.000 {built-in method _sre.unicode_iscased}
        5    0.000    0.000    0.000    0.000 datetime.py:528(_check_time_fields)
       25    0.000    0.000    0.000    0.000 ipaddress.py:415(_check_int_address)
        1    0.000    0.000    0.000    0.000 __init__.py:221(<dictcomp>)
        1    0.000    0.000    0.000    0.000 platform.py:783(uname_result)
        1    0.000    0.000    0.000    0.000 parse.py:152(_NetlocResultMixinBase)
        5    0.000    0.000    0.000    0.000 enum.py:38(_is_descriptor)
        1    0.000    0.000    0.000    0.000 core.py:6540(MaskedConstant)
       13    0.000    0.000    0.000    0.000 enum.py:70(_is_internal_class)
        1    0.000    0.000    0.000    0.000 npyio.py:106(NpzFile)
        1    0.000    0.000    0.000    0.000 numbers.py:147(Real)
       23    0.000    0.000    0.000    0.000 overrides.py:173(array_function_from_dispatcher)
        8    0.000    0.000    0.000    0.000 _parser.py:297(checkgroupname)
        2    0.000    0.000    0.000    0.000 format.py:282(descr_to_dtype)
        6    0.000    0.000    0.000    0.000 typing.py:2412(get_origin)
        1    0.000    0.000    0.000    0.000 _inspect.py:1(<module>)
        1    0.000    0.000    0.000    0.000 random.py:800(getrandbits)
        1    0.000    0.000    0.000    0.000 _globals.py:52(__new__)
        1    0.000    0.000    0.000    0.000 contextlib.py:141(__exit__)
        2    0.000    0.000    0.000    0.000 {built-in method posix.uname}
       60    0.000    0.000    0.000    0.000 {built-in method builtins.divmod}
        1    0.000    0.000    0.000    0.000 _add_newdocs_scalars.py:54(_get_platform_and_machine)
        1    0.000    0.000    0.000    0.000 __init__.py:273(<dictcomp>)
        1    0.000    0.000    0.000    0.000 extras.py:1607(MAxisConcatenator)
       31    0.000    0.000    0.000    0.000 {method 'issuperset' of 'frozenset' objects}
       28    0.000    0.000    0.000    0.000 {method 'get' of 'mappingproxy' objects}
        1    0.000    0.000    0.000    0.000 hmac.py:27(HMAC)
        6    0.000    0.000    0.000    0.000 _exceptions.py:17(_display_as_base)
        1    0.000    0.000    0.000    0.000 _convertions.py:1(<module>)
       44    0.000    0.000    0.000    0.000 __init__.py:96(<lambda>)
        1    0.000    0.000    0.000    0.000 _iotools.py:229(NameValidator)
        1    0.000    0.000    0.000    0.000 threading.py:389(notify_all)
        1    0.000    0.000    0.000    0.000 _internal.py:249(_ctypes)
        1    0.000    0.000    0.000    0.000 contextlib.py:104(__init__)
        1    0.000    0.000    0.000    0.000 threading.py:236(__init__)
        1    0.000    0.000    0.000    0.000 memmap.py:22(memmap)
        2    0.000    0.000    0.000    0.000 enum.py:358(__init__)
        1    0.000    0.000    0.000    0.000 _internal.py:217(_getintp_ctype)
       68    0.000    0.000    0.000    0.000 {built-in method _sre.unicode_tolower}
        1    0.000    0.000    0.000    0.000 <frozen os>:760(decode)
        1    0.000    0.000    0.000    0.000 ipaddress.py:1135(_BaseV4)
        1    0.000    0.000    0.000    0.000 platform.py:740(_Processor)
        4    0.000    0.000    0.000    0.000 getlimits.py:709(max)
        1    0.000    0.000    0.000    0.000 {built-in method posix.putenv}
        1    0.000    0.000    0.000    0.000 <frozen _collections_abc>:362(__subclasshook__)
        9    0.000    0.000    0.000    0.000 _pytesttester.py:76(__init__)
        1    0.000    0.000    0.000    0.000 _internal.py:205(dummy_ctype)
        1    0.000    0.000    0.000    0.000 __config__.py:95(<listcomp>)
       28    0.000    0.000    0.000    0.000 {method 'partition' of 'str' objects}
       12    0.000    0.000    0.000    0.000 {built-in method builtins.round}
        3    0.000    0.000    0.000    0.000 <frozen posixpath>:41(_get_sep)
        1    0.000    0.000    0.000    0.000 pathlib.py:128(<setcomp>)
       27    0.000    0.000    0.000    0.000 {method 'lower' of 'str' objects}
        3    0.000    0.000    0.000    0.000 typing.py:1529(__mro_entries__)
        1    0.000    0.000    0.000    0.000 ctypeslib.py:181(_ndptr)
        1    0.000    0.000    0.000    0.000 ipaddress.py:2098(IPv6Interface)
        1    0.000    0.000    0.000    0.000 _ufunc_config.py:441(_setdef)
        2    0.000    0.000    0.000    0.000 copyreg.py:12(pickle)
        1    0.000    0.000    0.000    0.000 numbers.py:267(Rational)
       16    0.000    0.000    0.000    0.000 _dtype.py:24(_kind_name)
        1    0.000    0.000    0.000    0.000 threading.py:224(Condition)
        1    0.000    0.000    0.000    0.000 version.py:1(<module>)
        4    0.000    0.000    0.000    0.000 typing.py:2230(runtime_checkable)
        1    0.000    0.000    0.000    0.000 threading.py:822(_maintain_shutdown_locks)
        1    0.000    0.000    0.000    0.000 _nested_sequence.py:18(_NestedSequence)
        7    0.000    0.000    0.000    0.000 getlimits.py:157(_register_type)
        1    0.000    0.000    0.000    0.000 {method 'union' of 'set' objects}
        1    0.000    0.000    0.000    0.000 ipaddress.py:1393(IPv4Interface)
       38    0.000    0.000    0.000    0.000 {built-in method _ctypes.sizeof}
        1    0.000    0.000    0.000    0.000 threading.py:637(Barrier)
       18    0.000    0.000    0.000    0.000 {built-in method numpy.geterrobj}
       16    0.000    0.000    0.000    0.000 _add_newdocs_scalars.py:79(<genexpr>)
        1    0.000    0.000    0.000    0.000 parse.py:361(_fix_result_transcoding)
        1    0.000    0.000    0.000    0.000 <frozen codecs>:309(__init__)
        8    0.000    0.000    0.000    0.000 {method 'translate' of 'bytearray' objects}
        1    0.000    0.000    0.000    0.000 records.py:223(record)
        1    0.000    0.000    0.000    0.000 ctypeslib.py:202(_concrete_ndptr)
        4    0.000    0.000    0.000    0.000 typing.py:2959(<genexpr>)
        1    0.000    0.000    0.000    0.000 _exceptions.py:116(_ArrayMemoryError)
       10    0.000    0.000    0.000    0.000 __future__.py:83(__init__)
        1    0.000    0.000    0.000    0.000 _nbit.py:1(<module>)
       35    0.000    0.000    0.000    0.000 {built-in method _operator.index}
        1    0.000    0.000    0.000    0.000 <frozen importlib._bootstrap>:895(_resolve_filename)
        2    0.000    0.000    0.000    0.000 contextlib.py:460(__init__)
        2    0.000    0.000    0.000    0.000 contextlib.py:527(_push_exit_callback)
        1    0.000    0.000    0.000    0.000 getlimits.py:32(MachArLike)
        1    0.000    0.000    0.000    0.000 _weakrefset.py:37(__init__)
        1    0.000    0.000    0.000    0.000 random.py:215(__init_subclass__)
        6    0.000    0.000    0.000    0.000 format.py:652(<genexpr>)
        1    0.000    0.000    0.000    0.000 extras.py:1655(__init__)
        1    0.000    0.000    0.000    0.000 {method 'view' of 'numpy.generic' objects}
        1    0.000    0.000    0.000    0.000 {built-in method _hashlib.openssl_sha3_512}
       18    0.000    0.000    0.000    0.000 {method 'discard' of 'set' objects}
        1    0.000    0.000    0.000    0.000 arrayprint.py:1367(StructuredVoidFormat)
        2    0.000    0.000    0.000    0.000 core.py:6643(__setattr__)
       14    0.000    0.000    0.000    0.000 {built-in method sys._getframe}
        1    0.000    0.000    0.000    0.000 _datasource.py:536(Repository)
       10    0.000    0.000    0.000    0.000 {method 'setter' of 'property' objects}
        1    0.000    0.000    0.000    0.000 parse.py:136(_ResultMixinStr)
        7    0.000    0.000    0.000    0.000 {method 'encode' of 'str' objects}
        1    0.000    0.000    0.000    0.000 {built-in method posix.unsetenv}
        5    0.000    0.000    0.000    0.000 typing.py:2856(<listcomp>)
        1    0.000    0.000    0.000    0.000 core.py:191(<listcomp>)
        1    0.000    0.000    0.000    0.000 {built-in method _hashlib.openssl_shake_128}
        5    0.000    0.000    0.000    0.000 _ufunc_config.py:426(__init__)
        1    0.000    0.000    0.000    0.000 pickle.py:200(_Framer)
        1    0.000    0.000    0.000    0.000 {built-in method _hashlib.openssl_sha3_256}
        3    0.000    0.000    0.000    0.000 index_tricks.py:320(__init__)
       18    0.000    0.000    0.000    0.000 {built-in method builtins.id}
        2    0.000    0.000    0.000    0.000 enum.py:961(_find_data_repr_)
        1    0.000    0.000    0.000    0.000 {built-in method posix.urandom}
        2    0.000    0.000    0.000    0.000 {built-in method numpy.core._multiarray_umath.normalize_axis_index}
        2    0.000    0.000    0.000    0.000 {built-in method posix.register_at_fork}
        1    0.000    0.000    0.000    0.000 {built-in method math.exp}
        1    0.000    0.000    0.000    0.000 pickle.py:263(_Unframer)
        1    0.000    0.000    0.000    0.000 arrayterator.py:16(Arrayterator)
        1    0.000    0.000    0.000    0.000 {built-in method _hashlib.openssl_sha384}
        1    0.000    0.000    0.000    0.000 extras.py:213(_fromnxfunction)
        1    0.000    0.000    0.000    0.000 index_tricks.py:109(nd_grid)
        8    0.000    0.000    0.000    0.000 enum.py:1249(value)
        1    0.000    0.000    0.000    0.000 pathlib.py:231(_PosixFlavour)
       10    0.000    0.000    0.000    0.000 typing.py:2880(<genexpr>)
        1    0.000    0.000    0.000    0.000 {built-in method _hashlib.openssl_sha224}
       16    0.000    0.000    0.000    0.000 {method 'values' of 'dict' objects}
        1    0.000    0.000    0.000    0.000 threading.py:359(notify)
        1    0.000    0.000    0.000    0.000 {built-in method _hashlib.openssl_sha256}
        1    0.000    0.000    0.000    0.000 {built-in method _hashlib.openssl_sha3_384}
        2    0.000    0.000    0.000    0.000 arrayprint.py:493(_recursive_guard)
        1    0.000    0.000    0.000    0.000 _parser.py:896(_parse_flags)
        1    0.000    0.000    0.000    0.000 npyio.py:42(BagObj)
        1    0.000    0.000    0.000    0.000 threading.py:1005(_set_native_id)
        1    0.000    0.000    0.000    0.000 function_base.py:2117(vectorize)
        3    0.000    0.000    0.000    0.000 datetime.py:2317(_create)
        1    0.000    0.000    0.000    0.000 pathlib.py:300(_Selector)
        1    0.000    0.000    0.000    0.000 _version.py:14(NumpyVersion)
        3    0.000    0.000    0.000    0.000 typing.py:926(_is_typevar_like)
        1    0.000    0.000    0.000    0.000 _pytesttester.py:46(PytestTester)
        1    0.000    0.000    0.000    0.000 arrayprint.py:1304(DatetimeFormat)
        1    0.000    0.000    0.000    0.000 index_tricks.py:530(__init__)
        1    0.000    0.000    0.000    0.000 <frozen importlib._bootstrap>:422(spec_from_loader)
       12    0.000    0.000    0.000    0.000 {method 'islower' of 'str' objects}
        1    0.000    0.000    0.000    0.000 core.py:1283(_replace_dtype_fields_recursive)
       12    0.000    0.000    0.000    0.000 <frozen _collections_abc>:315(__subclasshook__)
        1    0.000    0.000    0.000    0.000 {built-in method _hashlib.openssl_shake_256}
        1    0.000    0.000    0.000    0.000 index_tricks.py:255(__init__)
        3    0.000    0.000    0.000    0.000 __init__.py:421(<genexpr>)
        1    0.000    0.000    0.000    0.000 threading.py:1421(_DummyThread)
        2    0.000    0.000    0.000    0.000 fromnumeric.py:72(<dictcomp>)
        6    0.000    0.000    0.000    0.000 _type_aliases.py:92(<genexpr>)
        1    0.000    0.000    0.000    0.000 {method 'set' of '_contextvars.ContextVar' objects}
        1    0.000    0.000    0.000    0.000 {built-in method _hashlib.openssl_sha512}
        1    0.000    0.000    0.000    0.000 _datasource.py:196(DataSource)
        1    0.000    0.000    0.000    0.000 pathlib.py:129(<setcomp>)
        1    0.000    0.000    0.000    0.000 core.py:6345(mvoid)
        1    0.000    0.000    0.000    0.000 parse.py:820(_Quoter)
        1    0.000    0.000    0.000    0.000 datetime.py:1223(tzinfo)
        4    0.000    0.000    0.000    0.000 mixins.py:51(_unary_method)
        1    0.000    0.000    0.000    0.000 {method 'find' of 'str' objects}
        2    0.000    0.000    0.000    0.000 contextlib.py:450(_create_exit_wrapper)
        1    0.000    0.000    0.000    0.000 core.py:190(<listcomp>)
        1    0.000    0.000    0.000    0.000 datetime.py:1284(IsoCalendarDate)
        4    0.000    0.000    0.000    0.000 core.py:3417(dtype)
        1    0.000    0.000    0.000    0.000 {built-in method _ctypes.dlopen}
        8    0.000    0.000    0.000    0.000 typing.py:2050(<genexpr>)
        1    0.000    0.000    0.000    0.000 ipaddress.py:563(_BaseAddress)
        1    0.000    0.000    0.000    0.000 core.py:797(_DomainCheckInterval)
        3    0.000    0.000    0.000    0.000 __init__.py:504(CFunctionType)
        2    0.000    0.000    0.000    0.000 {built-in method maketrans}
        1    0.000    0.000    0.000    0.000 threading.py:103(_RLock)
        1    0.000    0.000    0.000    0.000 __init__.py:321(CDLL)
        7    0.000    0.000    0.000    0.000 {method 'setdefault' of 'dict' objects}
        1    0.000    0.000    0.000    0.000 _weakrefset.py:85(add)
        1    0.000    0.000    0.000    0.000 __init__.py:43(__exit__)
        1    0.000    0.000    0.000    0.000 core.py:2372(_MaskedPrintOption)
        5    0.000    0.000    0.000    0.000 datetime.py:51(_days_in_month)
        1    0.000    0.000    0.000    0.000 <frozen importlib._bootstrap>:962(create_module)
        2    0.000    0.000    0.000    0.000 {built-in method sys.exc_info}
        5    0.000    0.000    0.000    0.000 typing.py:2938(_namedtuple_mro_entries)
        2    0.000    0.000    0.000    0.000 {built-in method _struct.unpack}
        1    0.000    0.000    0.000    0.000 _dtype_like.py:81(_SupportsDType)
        1    0.000    0.000    0.000    0.000 _internal.py:616(_Stream)
        1    0.000    0.000    0.000    0.000 _machar.py:17(MachAr)
        3    0.000    0.000    0.000    0.000 core.py:1362(getmask)
        1    0.000    0.000    0.000    0.000 parse.py:220(_NetlocResultMixinBytes)
        1    0.000    0.000    0.000    0.000 index_tricks.py:562(__init__)
        1    0.000    0.000    0.000    0.000 getlimits.py:378(finfo)
        3    0.000    0.000    0.000    0.000 datetime.py:46(_days_before_year)
        4    0.000    0.000    0.000    0.000 {method 'startswith' of 'bytes' objects}
        1    0.000    0.000    0.000    0.000 pathlib.py:422(_PathParents)
        1    0.000    0.000    0.000    0.000 parse.py:811(__getattr__)
        3    0.000    0.000    0.000    0.000 {method 'decode' of 'bytes' objects}
        1    0.000    0.000    0.000    0.000 __init__.py:28(RTLD_for_MKL)
        1    0.000    0.000    0.000    0.000 records.py:308(recarray)
        1    0.000    0.000    0.000    0.000 __config__.py:98(<listcomp>)
        2    0.000    0.000    0.000    0.000 pathlib.py:53(__init__)
        1    0.000    0.000    0.000    0.000 getlimits.py:630(iinfo)
        1    0.000    0.000    0.000    0.000 records.py:87(format_parser)
        1    0.000    0.000    0.000    0.000 _datasource.py:99(__init__)
        1    0.000    0.000    0.000    0.000 _ufunc_config.py:30(<dictcomp>)
        1    0.000    0.000    0.000    0.000 core.py:8376(_convert2ma)
        5    0.000    0.000    0.000    0.000 functools.py:972(__set_name__)
        1    0.000    0.000    0.000    0.000 {built-in method _imp.get_frozen_object}
        1    0.000    0.000    0.000    0.000 _ufunc_config.py:367(errstate)
        5    0.000    0.000    0.000    0.000 datetime.py:545(_check_tzinfo_arg)
        2    0.000    0.000    0.000    0.000 {built-in method math.log}
        1    0.000    0.000    0.000    0.000 core.py:6735(_extrema_operation)
        1    0.000    0.000    0.000    0.000 pathlib.py:49(_Flavour)
        1    0.000    0.000    0.000    0.000 random.py:787(SystemRandom)
        8    0.000    0.000    0.000    0.000 {method 'removeprefix' of 'str' objects}
        5    0.000    0.000    0.000    0.000 _inspect.py:143(<lambda>)
        1    0.000    0.000    0.000    0.000 threading.py:1317(_make_invoke_excepthook)
        1    0.000    0.000    0.000    0.000 core.py:2589(MaskedIterator)
        5    0.000    0.000    0.000    0.000 enum.py:239(__init__)
       12    0.000    0.000    0.000    0.000 {method '__init_subclass__' of 'object' objects}
        2    0.000    0.000    0.000    0.000 format.py:196(_check_version)
        1    0.000    0.000    0.000    0.000 core.py:977(_MaskedBinaryOperation)
        1    0.000    0.000    0.000    0.000 threading.py:264(__enter__)
        1    0.000    0.000    0.000    0.000 index_tricks.py:569(ndenumerate)
        1    0.000    0.000    0.000    0.000 _globals.py:32(_NoValueType)
        3    0.000    0.000    0.000    0.000 core.py:806(__init__)
        1    0.000    0.000    0.000    0.000 threading.py:90(RLock)
        9    0.000    0.000    0.000    0.000 _globals.py:58(__repr__)
        1    0.000    0.000    0.000    0.000 {method 'tolist' of 'memoryview' objects}
        1    0.000    0.000    0.000    0.000 _iotools.py:133(LineSplitter)
        1    0.000    0.000    0.000    0.000 _datasource.py:74(_FileOpeners)
        1    0.000    0.000    0.000    0.000 core.py:195(<listcomp>)
        1    0.000    0.000    0.000    0.000 utils.py:104(_Deprecate)
        4    0.000    0.000    0.000    0.000 {built-in method _warnings._filters_mutated}
        1    0.000    0.000    0.000    0.000 index_tricks.py:211(MGridClass)
        1    0.000    0.000    0.000    0.000 core.py:903(_MaskedUnaryOperation)
        2    0.000    0.000    0.000    0.000 {method 'fileno' of '_io.BufferedReader' objects}
        1    0.000    0.000    0.000    0.000 __init__.py:370(_FuncPtr)
        6    0.000    0.000    0.000    0.000 core.py:846(__init__)
        1    0.000    0.000    0.000    0.000 index_tricks.py:618(ndindex)
        1    0.000    0.000    0.000    0.000 py3k.py:92(contextlib_nullcontext)
        2    0.000    0.000    0.000    0.000 {method 'seek' of '_io.BufferedReader' objects}
        8    0.000    0.000    0.000    0.000 typing.py:1028(<genexpr>)
        4    0.000    0.000    0.000    0.000 {method 'keys' of 'dict' objects}
        1    0.000    0.000    0.000    0.000 __future__.py:81(_Feature)
        1    0.000    0.000    0.000    0.000 threading.py:544(Event)
        4    0.000    0.000    0.000    0.000 core.py:6544(__has_singleton)
        4    0.000    0.000    0.000    0.000 {method 'update' of 'set' objects}
        1    0.000    0.000    0.000    0.000 __init__.py:156(py_object)
        1    0.000    0.000    0.000    0.000 _parser.py:96(checkgroup)
        1    0.000    0.000    0.000    0.000 index_tricks.py:303(__init__)
        1    0.000    0.000    0.000    0.000 typing.py:2631(final)
        2    0.000    0.000    0.000    0.000 __init__.py:101(CFunctionType)
        1    0.000    0.000    0.000    0.000 threading.py:279(_is_owned)
        1    0.000    0.000    0.000    0.000 {built-in method _thread.get_native_id}
        1    0.000    0.000    0.000    0.000 ipaddress.py:2173(IPv6Network)
        1    0.000    0.000    0.000    0.000 threading.py:410(Semaphore)
        1    0.000    0.000    0.000    0.000 __init__.py:399(PyDLL)
        1    0.000    0.000    0.000    0.000 _exceptions.py:38(_UFuncNoLoopError)
        5    0.000    0.000    0.000    0.000 typing.py:2892(<listcomp>)
        1    0.000    0.000    0.000    0.000 arrayprint.py:905(FloatingFormat)
        1    0.000    0.000    0.000    0.000 core.py:194(<listcomp>)
        1    0.000    0.000    0.000    0.000 exceptions.py:98(AxisError)
        1    0.000    0.000    0.000    0.000 _exceptions.py:98(_UFuncOutputCastingError)
        4    0.000    0.000    0.000    0.000 {method 'insert' of 'list' objects}
        2    0.000    0.000    0.000    0.000 {method 'acquire' of '_thread.lock' objects}
        1    0.000    0.000    0.000    0.000 {method 'reset' of '_contextvars.ContextVar' objects}
        4    0.000    0.000    0.000    0.000 _inspect.py:142(<lambda>)
        1    0.000    0.000    0.000    0.000 parse.py:190(_NetlocResultMixinStr)
        2    0.000    0.000    0.000    0.000 {method 'clear' of 'dict' objects}
        2    0.000    0.000    0.000    0.000 {method 'copy' of 'list' objects}
        1    0.000    0.000    0.000    0.000 {method 'cast' of 'memoryview' objects}
        2    0.000    0.000    0.000    0.000 core.py:3433(shape)
        2    0.000    0.000    0.000    0.000 {method '__enter__' of '_io._IOBase' objects}
        1    0.000    0.000    0.000    0.000 core.py:6844(_frommethod)
        1    0.000    0.000    0.000    0.000 __init__.py:10(NBitBase)
        1    0.000    0.000    0.000    0.000 numerictypes.py:425(_typedict)
        1    0.000    0.000    0.000    0.000 pathlib.py:378(_RecursiveWildcardSelector)
        1    0.000    0.000    0.000    0.000 index_tricks.py:717(IndexExpression)
        1    0.000    0.000    0.000    0.000 _endian.py:23(_swapped_meta)
        2    0.000    0.000    0.000    0.000 index_tricks.py:144(__init__)
        1    0.000    0.000    0.000    0.000 stride_tricks.py:15(DummyArray)
        3    0.000    0.000    0.000    0.000 {built-in method numpy.asanyarray}
        1    0.000    0.000    0.000    0.000 {method 'disable' of '_lsprof.Profiler' objects}
        2    0.000    0.000    0.000    0.000 {method 'append' of 'collections.deque' objects}
        1    0.000    0.000    0.000    0.000 threading.py:267(__exit__)
        1    0.000    0.000    0.000    0.000 threading.py:1001(_set_ident)
        1    0.000    0.000    0.000    0.000 threading.py:1370(Timer)
        1    0.000    0.000    0.000    0.000 _exceptions.py:56(_UFuncBinaryResolutionError)
        2    0.000    0.000    0.000    0.000 {built-in method sys.setdlopenflags}
        1    0.000    0.000    0.000    0.000 _array_like.py:39(_SupportsArray)
        1    0.000    0.000    0.000    0.000 core.py:1125(_DomainedBinaryOperation)
        4    0.000    0.000    0.000    0.000 {built-in method builtins.callable}
        2    0.000    0.000    0.000    0.000 core.py:883(__init__)
        1    0.000    0.000    0.000    0.000 _array_like.py:44(_SupportsArrayFunc)
        5    0.000    0.000    0.000    0.000 enum.py:1142(__init__)
        1    0.000    0.000    0.000    0.000 pathlib.py:325(_TerminatingSelector)
        1    0.000    0.000    0.000    0.000 numbers.py:12(Number)
        1    0.000    0.000    0.000    0.000 _exceptions.py:80(_UFuncInputCastingError)
        1    0.000    0.000    0.000    0.000 {built-in method numpy._set_promotion_state}
        1    0.000    0.000    0.000    0.000 pathlib.py:1398(WindowsPath)
        1    0.000    0.000    0.000    0.000 pathlib.py:834(PurePosixPath)
        1    0.000    0.000    0.000    0.000 index_tricks.py:537(CClass)
        1    0.000    0.000    0.000    0.000 arrayprint.py:1222(IntegerFormat)
        1    0.000    0.000    0.000    0.000 parse.py:323(DefragResult)
        1    0.000    0.000    0.000    0.000 index_tricks.py:435(RClass)
        2    0.000    0.000    0.000    0.000 __init__.py:440(__init__)
        3    0.000    0.000    0.000    0.000 core.py:867(__init__)
        1    0.000    0.000    0.000    0.000 arrayprint.py:1245(ComplexFloatingFormat)
        1    0.000    0.000    0.000    0.000 {built-in method numpy.core._multiarray_umath.set_typeDict}
        1    0.000    0.000    0.000    0.000 index_tricks.py:262(OGridClass)
        1    0.000    0.000    0.000    0.000 threading.py:498(BoundedSemaphore)
        1    0.000    0.000    0.000    0.000 _exceptions.py:32(UFuncTypeError)
        1    0.000    0.000    0.000    0.000 <frozen codecs>:260(__init__)
        2    0.000    0.000    0.000    0.000 fromnumeric.py:2172(_sum_dispatcher)
        1    0.000    0.000    0.000    0.000 core.py:840(_DomainSafeDivide)
        1    0.000    0.000    0.000    0.000 {built-in method numpy._using_numpy2_behavior}
        1    0.000    0.000    0.000    0.000 copyreg.py:22(constructor)
        1    0.000    0.000    0.000    0.000 __init__.py:240(c_char_p)
        1    0.000    0.000    0.000    0.000 core.py:2378(__init__)
        1    0.000    0.000    0.000    0.000 polynomial.py:29(RankWarning)
        1    0.000    0.000    0.000    0.000 __init__.py:29(__init__)
        1    0.000    0.000    0.000    0.000 ipaddress.py:20(AddressValueError)
        1    0.000    0.000    0.000    0.000 extras.py:1637(mr_class)
        1    0.000    0.000    0.000    0.000 parse.py:342(DefragResultBytes)
        1    0.000    0.000    0.000    0.000 core.py:893(_MaskedUFunc)
        2    0.000    0.000    0.000    0.000 index_tricks.py:761(__init__)
        1    0.000    0.000    0.000    0.000 polyutils.py:47(RankWarning)
        1    0.000    0.000    0.000    0.000 parse.py:144(_ResultMixinBytes)
        1    0.000    0.000    0.000    0.000 ipaddress.py:1127(_BaseConstants)
        1    0.000    0.000    0.000    0.000 pathlib.py:331(_PreciseSelector)
        1    0.000    0.000    0.000    0.000 pathlib.py:347(_WildcardSelector)
        1    0.000    0.000    0.000    0.000 parse.py:331(SplitResult)
        1    0.000    0.000    0.000    0.000 dtypes.py:1(<module>)
        1    0.000    0.000    0.000    0.000 _exceptions.py:71(_UFuncCastingError)
        1    0.000    0.000    0.000    0.000 typing.py:3085(<lambda>)
        1    0.000    0.000    0.000    0.000 {method 'difference_update' of 'set' objects}
        1    0.000    0.000    0.000    0.000 core.py:861(_DomainGreater)
        1    0.000    0.000    0.000    0.000 arrayprint.py:1341(SubArrayFormat)
        1    0.000    0.000    0.000    0.000 core.py:830(__init__)
        1    0.000    0.000    0.000    0.000 _array_like.py:160(_UnknownType)
        1    0.000    0.000    0.000    0.000 pickle.py:97(_Stop)
        1    0.000    0.000    0.000    0.000 arrayprint.py:1278(_TimelikeFormat)
        1    0.000    0.000    0.000    0.000 {method '__exit__' of '_thread.RLock' objects}
        1    0.000    0.000    0.000    0.000 __init__.py:256(c_wchar_p)
        1    0.000    0.000    0.000    0.000 linalg.py:67(LinAlgError)
        1    0.000    0.000    0.000    0.000 pathlib.py:1391(PosixPath)
        1    0.000    0.000    0.000    0.000 parse.py:336(ParseResult)
        1    0.000    0.000    0.000    0.000 _endian.py:48(BigEndianStructure)
        1    0.000    0.000    0.000    0.000 multiarray.py:85(empty_like)
        1    0.000    0.000    0.000    0.000 extras.py:263(_fromnxfunction_single)
        1    0.000    0.000    0.000    0.000 {built-in method numpy.core._multiarray_umath._reload_guard}
        1    0.000    0.000    0.000    0.000 arrayprint.py:1235(BoolFormat)
        1    0.000    0.000    0.000    0.000 __init__.py:85(_16Bit)
        1    0.000    0.000    0.000    0.000 core.py:822(_DomainTan)
        1    0.000    0.000    0.000    0.000 core.py:877(_DomainGreaterEqual)
        1    0.000    0.000    0.000    0.000 pickle.py:73(PickleError)
        1    0.000    0.000    0.000    0.000 pathlib.py:844(PureWindowsPath)
        1    0.000    0.000    0.000    0.000 core.py:148(MAError)
        1    0.000    0.000    0.000    0.000 extras.py:281(_fromnxfunction_seq)
        1    0.000    0.000    0.000    0.000 exceptions.py:47(ComplexWarning)
        1    0.000    0.000    0.000    0.000 __init__.py:76(_80Bit)
        1    0.000    0.000    0.000    0.000 parse.py:350(SplitResultBytes)
        1    0.000    0.000    0.000    0.000 <string>:1(<module>)
        1    0.000    0.000    0.000    0.000 __init__.py:169(c_ushort)
        1    0.000    0.000    0.000    0.000 _internal.py:244(c_void_p)
        1    0.000    0.000    0.000    0.000 {built-in method _thread._set_sentinel}
        1    0.000    0.000    0.000    0.000 core.py:84(MaskedArrayFutureWarning)
        1    0.000    0.000    0.000    0.000 _ufunc_config.py:360(_unspecified)
        1    0.000    0.000    0.000    0.000 extras.py:319(_fromnxfunction_allargs)
        1    0.000    0.000    0.000    0.000 _endian.py:55(BigEndianUnion)
        1    0.000    0.000    0.000    0.000 __init__.py:235(c_char)
        1    0.000    0.000    0.000    0.000 parse.py:355(ParseResultBytes)
        1    0.000    0.000    0.000    0.000 extras.py:294(_fromnxfunction_args)
        1    0.000    0.000    0.000    0.000 threading.py:832(<listcomp>)
        2    0.000    0.000    0.000    0.000 contextlib.py:543(__enter__)
        1    0.000    0.000    0.000    0.000 __init__.py:165(c_short)
        1    0.000    0.000    0.000    0.000 _iotools.py:421(ConverterError)
        1    0.000    0.000    0.000    0.000 arrayprint.py:1336(TimedeltaFormat)
        1    0.000    0.000    0.000    0.000 multiarray.py:153(concatenate)
        1    0.000    0.000    0.000    0.000 pickle.py:84(UnpicklingError)
        2    0.000    0.000    0.000    0.000 {method 'pop' of 'collections.deque' objects}
        1    0.000    0.000    0.000    0.000 __init__.py:230(c_byte)
        1    0.000    0.000    0.000    0.000 threading.py:1400(_MainThread)
        1    0.000    0.000    0.000    0.000 ipaddress.py:24(NetmaskValueError)
        1    0.000    0.000    0.000    0.000 threading.py:1199(daemon)
        1    0.000    0.000    0.000    0.000 _iotools.py:437(ConversionWarning)
        1    0.000    0.000    0.000    0.000 __init__.py:177(c_ulong)
        1    0.000    0.000    0.000    0.000 pickle.py:77(PicklingError)
        1    0.000    0.000    0.000    0.000 _iotools.py:429(ConverterLockError)
        1    0.000    0.000    0.000    0.000 {built-in method math.sqrt}
        1    0.000    0.000    0.000    0.000 {built-in method sys.getdlopenflags}
        1    0.000    0.000    0.000    0.000 __init__.py:198(c_double)
        1    0.000    0.000    0.000    0.000 exceptions.py:189(DTypePromotionError)
        1    0.000    0.000    0.000    0.000 _parser.py:99(checklookbehindgroup)
        1    0.000    0.000    0.000    0.000 __init__.py:67(_256Bit)
        1    0.000    0.000    0.000    0.000 core.py:156(MaskError)
        1    0.000    0.000    0.000    0.000 __init__.py:251(c_bool)
        1    0.000    0.000    0.000    0.000 {method '__enter__' of '_thread.lock' objects}
        1    0.000    0.000    0.000    0.000 __init__.py:223(c_ubyte)
        1    0.000    0.000    0.000    0.000 exceptions.py:85(TooHardError)
        1    0.000    0.000    0.000    0.000 __init__.py:73(_96Bit)
        1    0.000    0.000    0.000    0.000 __init__.py:173(c_long)
        1    0.000    0.000    0.000    0.000 _endian.py:34(_swapped_struct_meta)
        1    0.000    0.000    0.000    0.000 exceptions.py:58(ModuleDeprecationWarning)
        1    0.000    0.000    0.000    0.000 __init__.py:70(_128Bit)
        1    0.000    0.000    0.000    0.000 __init__.py:88(_8Bit)
        1    0.000    0.000    0.000    0.000 __init__.py:79(_64Bit)
        1    0.000    0.000    0.000    0.000 {built-in method numpy.core._multiarray_umath._set_madvise_hugepage}
        1    0.000    0.000    0.000    0.000 __init__.py:261(c_wchar)
        1    0.000    0.000    0.000    0.000 _endian.py:35(_swapped_union_meta)
        1    0.000    0.000    0.000    0.000 __init__.py:82(_32Bit)
        1    0.000    0.000    0.000    0.000 exceptions.py:74(VisibleDeprecationWarning)
        1    0.000    0.000    0.000    0.000 __init__.py:190(c_uint)
        1    0.000    0.000    0.000    0.000 function_base.py:869(_copy_dispatcher)
        1    0.000    0.000    0.000    0.000 threading.py:798(BrokenBarrierError)
        1    0.000    0.000    0.000    0.000 __init__.py:202(c_longdouble)
        1    0.000    0.000    0.000    0.000 __init__.py:186(c_int)
        1    0.000    0.000    0.000    0.000 multiarray.py:1080(copyto)
        1    0.000    0.000    0.000    0.000 __init__.py:194(c_float)
        1    0.000    0.000    0.000    0.000 __init__.py:246(c_void_p)
        1    0.000    0.000    0.000    0.000 contextlib.py:65(_recreate_cm)
        1    0.000    0.000    0.000    0.000 random.py:814(seed)



------------------------------------------------------------
Sender: LSF System <lsfadmin@hpc.dtu.dk>
Subject: Job 27987002: <Profile> in cluster <dcc> Done

Job <Profile> was submitted from host <n-62-27-23> by user <s213309> in cluster <dcc> at Fri Mar  6 12:09:27 2026
Job was executed on host(s) <n-62-11-66>, in queue <hpc>, as user <s213309> in cluster <dcc> at Fri Mar  6 12:09:28 2026
</zhome/c5/3/165492> was used as the home directory.
</zhome/c5/3/165492/Documents/02613_PyHPC> was used as the working directory.
Started at Fri Mar  6 12:09:28 2026
Terminated at Fri Mar  6 12:09:37 2026
Results reported at Fri Mar  6 12:09:37 2026

Your job looked like:

------------------------------------------------------------
# LSBATCH: User input
#!/bin/bash
#BSUB -J Profile                          # Job name
#BSUB -q hpc                                # Queue name
#BSUB -W 10                                 # Wall-clock time
#BSUB -R "rusage[mem=2GB]"                  # Resources
#BSUB -o profile_N=5_%J.out                 # Output file (stdout)
#BSUB -e profile_N=5_%J.err                 # Output file (stderr)
#BSUB -R "select[model==XeonGold6226R]"     # Select CPU model
#BSUB -n 1                                  # Select number of cores
#BSUB -R "span[hosts=1]"                    # Specify that the number of cores must be on the same host

# InitializePythonenvironment
source /dtu/projects/02613_2025/conda/conda_init.sh
conda activate 02613

# Run Python script
python -m cProfile -s cumulative simulate.py
------------------------------------------------------------

Successfully completed.

Resource usage summary:

    CPU time :                                   9.03 sec.
    Max Memory :                                 -
    Average Memory :                             -
    Total Requested Memory :                     2048.00 MB
    Delta Memory :                               -
    Max Swap :                                   -
    Max Processes :                              -
    Max Threads :                                -
    Run time :                                   17 sec.
    Turnaround time :                            10 sec.

The output (if any) is above this job summary.



PS:

Read file <profile_N=5_27987002.err> for stderr output of this job.

