building_id, mean_temp, std_temp, pct_above_18, pct_below_15
10000, 14.01233878811275, 6.367431059312565, 30.941014791508444, 55.542295034537624
10009, 11.000135812436373, 5.811144379826625, 16.6712734948236, 74.9723590310584
10014, 14.744169941950119, 7.037733284673848, 38.26367541377415, 52.80837116508215
10019, 14.735524480624482, 7.030325006703675, 38.14915412864569, 52.92926826787113
10029, 10.616037322820358, 6.317331938274926, 18.25563221896085, 74.51301795448481
Wrote profile results to simulate.py.lprof
Inspect results with:
python -m line_profiler -rmt "simulate.py.lprof"
Timer unit: 1e-06 s

Total time: 49.3231 s
File: simulate.py
Function: jacobi at line 14

Line #      Hits         Time  Per Hit   % Time  Line Contents
==============================================================
    14                                           @profile
    15                                           def jacobi(u, interior_mask, max_iter, atol=1e-6):
    16         5       2671.9    534.4      0.0      u = np.copy(u)
    17                                           
    18     28423      14063.8      0.5      0.0      for i in range(max_iter):
    19                                                   # Compute average of left, right, up and down neighbors, see eq. (1)
    20     28423   27492545.1    967.3     55.7          u_new = 0.25 * (u[1:-1, :-2] + u[1:-1, 2:] + u[:-2, 1:-1] + u[2:, 1:-1])
    21     28423    5391060.3    189.7     10.9          u_new_interior = u_new[interior_mask]
    22     28423   10491981.5    369.1     21.3          delta = np.abs(u[1:-1, 1:-1][interior_mask] - u_new_interior).max()
    23     28423    5898496.3    207.5     12.0          u[1:-1, 1:-1][interior_mask] = u_new_interior
    24                                           
    25     28423      32265.8      1.1      0.1          if delta < atol:
    26         5          3.2      0.6      0.0              break
    27         5          1.4      0.3      0.0      return u

 49.32 seconds - simulate.py:14 - jacobi

------------------------------------------------------------
Sender: LSF System <lsfadmin@hpc.dtu.dk>
Subject: Job 27983109: <ProfileJacobi> in cluster <dcc> Done

Job <ProfileJacobi> was submitted from host <n-62-27-23> by user <s213309> in cluster <dcc> at Fri Mar  6 11:27:55 2026
Job was executed on host(s) <n-62-11-54>, in queue <hpc>, as user <s213309> in cluster <dcc> at Fri Mar  6 11:27:56 2026
</zhome/c5/3/165492> was used as the home directory.
</zhome/c5/3/165492/Documents/02613_PyHPC> was used as the working directory.
Started at Fri Mar  6 11:27:56 2026
Terminated at Fri Mar  6 11:28:47 2026
Results reported at Fri Mar  6 11:28:47 2026

Your job looked like:

------------------------------------------------------------
# LSBATCH: User input
#!/bin/bash
#BSUB -J ProfileJacobi                          # Job name
#BSUB -q hpc                                # Queue name
#BSUB -W 10                                 # Wall-clock time
#BSUB -R "rusage[mem=2GB]"                  # Resources
#BSUB -o profile_jacobi_N=5_%J.out                 # Output file (stdout)
#BSUB -e profile_jacobi_N=5_%J.err                 # Output file (stderr)
#BSUB -R "select[model==XeonGold6226R]"     # Select CPU model
#BSUB -n 1                                  # Select number of cores
#BSUB -R "span[hosts=1]"                    # Specify that the number of cores must be on the same host

# InitializePythonenvironment
source /dtu/projects/02613_2025/conda/conda_init.sh
conda activate 02613

# Run Python script
kernprof -l simulate.py 5
python -m line_profiler -rmt simulate.py.lprof
------------------------------------------------------------

Successfully completed.

Resource usage summary:

    CPU time :                                   50.61 sec.
    Max Memory :                                 59 MB
    Average Memory :                             59.00 MB
    Total Requested Memory :                     2048.00 MB
    Delta Memory :                               1989.00 MB
    Max Swap :                                   -
    Max Processes :                              4
    Max Threads :                                5
    Run time :                                   52 sec.
    Turnaround time :                            52 sec.

The output (if any) is above this job summary.



PS:

Read file <profile_jacobi_N=5_27983109.err> for stderr output of this job.

